2015-06-11 13:35:05 Error: [Cake\Routing\Exception\MissingControllerException] Controller class Articles could not be found.
Exception Attributes: array (
  'class' => 'Articles',
  'plugin' => NULL,
  'prefix' => NULL,
  '_ext' => NULL,
)
Request URL: /secobesp/articles/index
Stack Trace:
#0 C:\wamp\www\secobesp\webroot\index.php(37): Cake\Routing\Dispatcher->dispatch(Object(Cake\Network\Request), Object(Cake\Network\Response))
#1 {main}


2015-06-11 13:35:17 Error: [Cake\Routing\Exception\MissingControllerException] Controller class Articles could not be found.
Exception Attributes: array (
  'class' => 'Articles',
  'plugin' => NULL,
  'prefix' => NULL,
  '_ext' => NULL,
)
Request URL: /secobesp/articles/index
Stack Trace:
#0 C:\wamp\www\secobesp\webroot\index.php(37): Cake\Routing\Dispatcher->dispatch(Object(Cake\Network\Request), Object(Cake\Network\Response))
#1 {main}


2015-06-11 13:35:39 Error: [Cake\Routing\Exception\MissingControllerException] Controller class Articles could not be found.
Exception Attributes: array (
  'class' => 'Articles',
  'plugin' => NULL,
  'prefix' => NULL,
  '_ext' => NULL,
)
Request URL: /secobesp/articles/index
Stack Trace:
#0 C:\wamp\www\secobesp\webroot\index.php(37): Cake\Routing\Dispatcher->dispatch(Object(Cake\Network\Request), Object(Cake\Network\Response))
#1 {main}


2015-06-11 13:36:04 Error: [Cake\Routing\Exception\MissingControllerException] Controller class Articles could not be found.
Exception Attributes: array (
  'class' => 'Articles',
  'plugin' => NULL,
  'prefix' => NULL,
  '_ext' => NULL,
)
Request URL: /secobesp/articles/index
Stack Trace:
#0 C:\wamp\www\secobesp\webroot\index.php(37): Cake\Routing\Dispatcher->dispatch(Object(Cake\Network\Request), Object(Cake\Network\Response))
#1 {main}


2015-06-11 13:36:56 Error: [Cake\Controller\Exception\MissingActionException] Action ArticlesController::view() could not be found, or is not accessible.
Exception Attributes: array (
  'controller' => 'ArticlesController',
  'action' => 'view',
  'prefix' => '',
  'plugin' => NULL,
)
Request URL: /secobesp/articles/view/3
Stack Trace:
#0 C:\wamp\www\secobesp\vendor\cakephp\cakephp\src\Routing\Dispatcher.php(114): Cake\Controller\Controller->invokeAction()
#1 C:\wamp\www\secobesp\vendor\cakephp\cakephp\src\Routing\Dispatcher.php(87): Cake\Routing\Dispatcher->_invoke(Object(App\Controller\ArticlesController))
#2 C:\wamp\www\secobesp\webroot\index.php(37): Cake\Routing\Dispatcher->dispatch(Object(Cake\Network\Request), Object(Cake\Network\Response))
#3 {main}


2015-06-11 13:40:21 Error: [Cake\Controller\Exception\MissingActionException] Action ArticlesController::view() could not be found, or is not accessible.
Exception Attributes: array (
  'controller' => 'ArticlesController',
  'action' => 'view',
  'prefix' => '',
  'plugin' => NULL,
)
Request URL: /secobesp/articles/view/1
Stack Trace:
#0 C:\wamp\www\secobesp\vendor\cakephp\cakephp\src\Routing\Dispatcher.php(114): Cake\Controller\Controller->invokeAction()
#1 C:\wamp\www\secobesp\vendor\cakephp\cakephp\src\Routing\Dispatcher.php(87): Cake\Routing\Dispatcher->_invoke(Object(App\Controller\ArticlesController))
#2 C:\wamp\www\secobesp\webroot\index.php(37): Cake\Routing\Dispatcher->dispatch(Object(Cake\Network\Request), Object(Cake\Network\Response))
#3 {main}


2015-06-11 13:50:34 Error: Fatal Error (4): syntax error, unexpected 'class' (T_CLASS), expecting ',' or ';' in [C:\wamp\www\secobesp\src\Controller\ArticlesController.php, line 6]
Trace:
Cake\Error\BaseErrorHandler::handleFatalError() - CORE\src\Error\BaseErrorHandler.php, line 191
Cake\Error\BaseErrorHandler::Cake\Error\{closure}() - CORE\src\Error\BaseErrorHandler.php, line 90
[main] - [internal], line ??



2015-06-11 13:50:34 Error: [Cake\Error\FatalErrorException] syntax error, unexpected 'class' (T_CLASS), expecting ',' or ';'
Request URL: /secobesp/articles/index
Stack Trace:
#0 C:\wamp\www\secobesp\vendor\cakephp\cakephp\src\Error\BaseErrorHandler.php(90): Cake\Error\BaseErrorHandler->handleFatalError(4, 'syntax error, u...', 'C:\\wamp\\www\\sec...', 6)
#1 [internal function]: Cake\Error\BaseErrorHandler->Cake\Error\{closure}()
#2 {main}


2015-06-11 13:55:11 Error: Fatal Error (4): syntax error, unexpected 'class' (T_CLASS), expecting ',' or ';' in [C:\wamp\www\secobesp\src\Controller\ArticlesController.php, line 6]
Trace:
Cake\Error\BaseErrorHandler::handleFatalError() - CORE\src\Error\BaseErrorHandler.php, line 191
Cake\Error\BaseErrorHandler::Cake\Error\{closure}() - CORE\src\Error\BaseErrorHandler.php, line 90
[main] - [internal], line ??



2015-06-11 13:55:11 Error: [Cake\Error\FatalErrorException] syntax error, unexpected 'class' (T_CLASS), expecting ',' or ';'
Request URL: /secobesp/articles/index
Stack Trace:
#0 C:\wamp\www\secobesp\vendor\cakephp\cakephp\src\Error\BaseErrorHandler.php(90): Cake\Error\BaseErrorHandler->handleFatalError(4, 'syntax error, u...', 'C:\\wamp\\www\\sec...', 6)
#1 [internal function]: Cake\Error\BaseErrorHandler->Cake\Error\{closure}()
#2 {main}


2015-06-11 14:12:32 Error: [Cake\Routing\Exception\MissingControllerException] Controller class Secobesp could not be found.
Exception Attributes: array (
  'class' => 'Secobesp',
  'plugin' => NULL,
  'prefix' => NULL,
  '_ext' => NULL,
)
Request URL: /secobesp/Secobesp/
Stack Trace:
#0 C:\wamp\www\secobesp\webroot\index.php(37): Cake\Routing\Dispatcher->dispatch(Object(Cake\Network\Request), Object(Cake\Network\Response))
#1 {main}


2015-06-11 14:12:55 Error: [Cake\Routing\Exception\MissingControllerException] Controller class Secobesp could not be found.
Exception Attributes: array (
  'class' => 'Secobesp',
  'plugin' => NULL,
  'prefix' => NULL,
  '_ext' => NULL,
)
Request URL: /secobesp/Secobesp/index
Stack Trace:
#0 C:\wamp\www\secobesp\webroot\index.php(37): Cake\Routing\Dispatcher->dispatch(Object(Cake\Network\Request), Object(Cake\Network\Response))
#1 {main}


2015-06-11 14:13:25 Error: [Cake\Routing\Exception\MissingControllerException] Controller class Secobesp could not be found.
Exception Attributes: array (
  'class' => 'Secobesp',
  'plugin' => NULL,
  'prefix' => NULL,
  '_ext' => NULL,
)
Request URL: /secobesp/Secobesp/
Stack Trace:
#0 C:\wamp\www\secobesp\webroot\index.php(37): Cake\Routing\Dispatcher->dispatch(Object(Cake\Network\Request), Object(Cake\Network\Response))
#1 {main}


2015-06-11 15:02:55 Error: [Cake\Routing\Exception\MissingControllerException] Controller class Css could not be found.
Exception Attributes: array (
  'class' => 'Css',
  'plugin' => NULL,
  'prefix' => NULL,
  '_ext' => NULL,
)
Request URL: /secobesp/css/style.css
Stack Trace:
#0 C:\wamp\www\secobesp\webroot\index.php(37): Cake\Routing\Dispatcher->dispatch(Object(Cake\Network\Request), Object(Cake\Network\Response))
#1 {main}


2015-06-11 15:04:14 Error: [Cake\Routing\Exception\MissingControllerException] Controller class Css could not be found.
Exception Attributes: array (
  'class' => 'Css',
  'plugin' => NULL,
  'prefix' => NULL,
  '_ext' => NULL,
)
Request URL: /secobesp/css/style.css
Stack Trace:
#0 C:\wamp\www\secobesp\webroot\index.php(37): Cake\Routing\Dispatcher->dispatch(Object(Cake\Network\Request), Object(Cake\Network\Response))
#1 {main}


2015-06-11 15:05:57 Error: [Cake\Routing\Exception\MissingControllerException] Controller class Css could not be found.
Exception Attributes: array (
  'class' => 'Css',
  'plugin' => NULL,
  'prefix' => NULL,
  '_ext' => NULL,
)
Request URL: /secobesp/css/style.css
Stack Trace:
#0 C:\wamp\www\secobesp\webroot\index.php(37): Cake\Routing\Dispatcher->dispatch(Object(Cake\Network\Request), Object(Cake\Network\Response))
#1 {main}


2015-06-11 15:06:07 Error: [Cake\Routing\Exception\MissingControllerException] Controller class Css could not be found.
Exception Attributes: array (
  'class' => 'Css',
  'plugin' => NULL,
  'prefix' => NULL,
  '_ext' => NULL,
)
Request URL: /secobesp/css/style.css
Stack Trace:
#0 C:\wamp\www\secobesp\webroot\index.php(37): Cake\Routing\Dispatcher->dispatch(Object(Cake\Network\Request), Object(Cake\Network\Response))
#1 {main}


2015-06-11 15:08:14 Error: [Cake\Routing\Exception\MissingControllerException] Controller class Css could not be found.
Exception Attributes: array (
  'class' => 'Css',
  'plugin' => NULL,
  'prefix' => NULL,
  '_ext' => NULL,
)
Request URL: /secobesp/css/style.css
Stack Trace:
#0 C:\wamp\www\secobesp\webroot\index.php(37): Cake\Routing\Dispatcher->dispatch(Object(Cake\Network\Request), Object(Cake\Network\Response))
#1 {main}


2015-06-11 15:08:24 Error: [Cake\Routing\Exception\MissingControllerException] Controller class Css could not be found.
Exception Attributes: array (
  'class' => 'Css',
  'plugin' => NULL,
  'prefix' => NULL,
  '_ext' => NULL,
)
Request URL: /secobesp/css/style.css
Stack Trace:
#0 C:\wamp\www\secobesp\webroot\index.php(37): Cake\Routing\Dispatcher->dispatch(Object(Cake\Network\Request), Object(Cake\Network\Response))
#1 {main}


2015-06-11 15:11:17 Error: [Cake\Routing\Exception\MissingControllerException] Controller class Welcome could not be found.
Exception Attributes: array (
  'class' => 'Welcome',
  'plugin' => NULL,
  'prefix' => NULL,
  '_ext' => NULL,
)
Request URL: /secobesp/
Stack Trace:
#0 C:\wamp\www\secobesp\webroot\index.php(37): Cake\Routing\Dispatcher->dispatch(Object(Cake\Network\Request), Object(Cake\Network\Response))
#1 {main}


2015-06-11 15:11:58 Error: [Cake\Routing\Exception\MissingControllerException] Controller class Welcome could not be found.
Exception Attributes: array (
  'class' => 'Welcome',
  'plugin' => NULL,
  'prefix' => NULL,
  '_ext' => NULL,
)
Request URL: /secobesp/
Stack Trace:
#0 C:\wamp\www\secobesp\webroot\index.php(37): Cake\Routing\Dispatcher->dispatch(Object(Cake\Network\Request), Object(Cake\Network\Response))
#1 {main}


2015-06-11 15:12:37 Error: [Cake\Controller\Exception\MissingActionException] Action WelcomeController::index() could not be found, or is not accessible.
Exception Attributes: array (
  'controller' => 'WelcomeController',
  'action' => 'index',
  'prefix' => '',
  'plugin' => NULL,
)
Request URL: /secobesp/
Stack Trace:
#0 C:\wamp\www\secobesp\vendor\cakephp\cakephp\src\Routing\Dispatcher.php(114): Cake\Controller\Controller->invokeAction()
#1 C:\wamp\www\secobesp\vendor\cakephp\cakephp\src\Routing\Dispatcher.php(87): Cake\Routing\Dispatcher->_invoke(Object(App\Controller\WelcomeController))
#2 C:\wamp\www\secobesp\webroot\index.php(37): Cake\Routing\Dispatcher->dispatch(Object(Cake\Network\Request), Object(Cake\Network\Response))
#3 {main}


2015-06-11 15:13:04 Error: [Cake\View\Exception\MissingTemplateException] Template file "Welcome\index.ctp" is missing.
Exception Attributes: array (
  'file' => 'Welcome\\index.ctp',
)
Request URL: /secobesp/
Stack Trace:
#0 C:\wamp\www\secobesp\vendor\cakephp\cakephp\src\View\View.php(460): Cake\View\View->_getViewFileName(NULL)
#1 C:\wamp\www\secobesp\vendor\cakephp\cakephp\src\Controller\Controller.php(581): Cake\View\View->render(NULL, NULL)
#2 C:\wamp\www\secobesp\vendor\cakephp\cakephp\src\Routing\Dispatcher.php(120): Cake\Controller\Controller->render()
#3 C:\wamp\www\secobesp\vendor\cakephp\cakephp\src\Routing\Dispatcher.php(87): Cake\Routing\Dispatcher->_invoke(Object(App\Controller\WelcomeController))
#4 C:\wamp\www\secobesp\webroot\index.php(37): Cake\Routing\Dispatcher->dispatch(Object(Cake\Network\Request), Object(Cake\Network\Response))
#5 {main}


2015-06-11 15:14:41 Error: [Cake\Routing\Exception\MissingControllerException] Controller class Css could not be found.
Exception Attributes: array (
  'class' => 'Css',
  'plugin' => NULL,
  'prefix' => NULL,
  '_ext' => NULL,
)
Request URL: /secobesp/css/style.css
Stack Trace:
#0 C:\wamp\www\secobesp\webroot\index.php(37): Cake\Routing\Dispatcher->dispatch(Object(Cake\Network\Request), Object(Cake\Network\Response))
#1 {main}


2015-06-11 15:17:29 Error: [Cake\Routing\Exception\MissingControllerException] Controller class Css could not be found.
Exception Attributes: array (
  'class' => 'Css',
  'plugin' => NULL,
  'prefix' => NULL,
  '_ext' => NULL,
)
Request URL: /secobesp/css/style.css
Stack Trace:
#0 C:\wamp\www\secobesp\webroot\index.php(37): Cake\Routing\Dispatcher->dispatch(Object(Cake\Network\Request), Object(Cake\Network\Response))
#1 {main}


2015-06-11 15:19:31 Error: [Cake\Routing\Exception\MissingControllerException] Controller class Css could not be found.
Exception Attributes: array (
  'class' => 'Css',
  'plugin' => NULL,
  'prefix' => NULL,
  '_ext' => NULL,
)
Request URL: /secobesp/css/style.css
Stack Trace:
#0 C:\wamp\www\secobesp\webroot\index.php(37): Cake\Routing\Dispatcher->dispatch(Object(Cake\Network\Request), Object(Cake\Network\Response))
#1 {main}


2015-06-11 15:20:05 Error: [Cake\Routing\Exception\MissingControllerException] Controller class Css could not be found.
Exception Attributes: array (
  'class' => 'Css',
  'plugin' => NULL,
  'prefix' => NULL,
  '_ext' => NULL,
)
Request URL: /secobesp/css/style.css
Stack Trace:
#0 C:\wamp\www\secobesp\webroot\index.php(37): Cake\Routing\Dispatcher->dispatch(Object(Cake\Network\Request), Object(Cake\Network\Response))
#1 {main}


2015-06-11 15:20:48 Error: [Cake\Routing\Exception\MissingControllerException] Controller class Css could not be found.
Exception Attributes: array (
  'class' => 'Css',
  'plugin' => NULL,
  'prefix' => NULL,
  '_ext' => NULL,
)
Request URL: /secobesp/css/style.css
Stack Trace:
#0 C:\wamp\www\secobesp\webroot\index.php(37): Cake\Routing\Dispatcher->dispatch(Object(Cake\Network\Request), Object(Cake\Network\Response))
#1 {main}


2015-06-11 15:22:07 Error: [Cake\Routing\Exception\MissingControllerException] Controller class Css could not be found.
Exception Attributes: array (
  'class' => 'Css',
  'plugin' => NULL,
  'prefix' => NULL,
  '_ext' => NULL,
)
Request URL: /secobesp/css/style.css
Stack Trace:
#0 C:\wamp\www\secobesp\webroot\index.php(37): Cake\Routing\Dispatcher->dispatch(Object(Cake\Network\Request), Object(Cake\Network\Response))
#1 {main}


2015-06-11 15:23:00 Error: [Cake\Routing\Exception\MissingControllerException] Controller class Css could not be found.
Exception Attributes: array (
  'class' => 'Css',
  'plugin' => NULL,
  'prefix' => NULL,
  '_ext' => NULL,
)
Request URL: /secobesp/css/style.css
Stack Trace:
#0 C:\wamp\www\secobesp\webroot\index.php(37): Cake\Routing\Dispatcher->dispatch(Object(Cake\Network\Request), Object(Cake\Network\Response))
#1 {main}


2015-06-11 15:24:25 Error: [Cake\Routing\Exception\MissingControllerException] Controller class Css could not be found.
Exception Attributes: array (
  'class' => 'Css',
  'plugin' => NULL,
  'prefix' => NULL,
  '_ext' => NULL,
)
Request URL: /secobesp/css/style.css
Stack Trace:
#0 C:\wamp\www\secobesp\webroot\index.php(37): Cake\Routing\Dispatcher->dispatch(Object(Cake\Network\Request), Object(Cake\Network\Response))
#1 {main}


2015-06-11 16:53:10 Error: [Cake\Datasource\Exception\RecordNotFoundException] Record not found in table "articles"
Request URL: /secobesp/articles/view/css/style.css
Stack Trace:
#0 C:\wamp\www\secobesp\vendor\cakephp\cakephp\src\ORM\Table.php(1127): Cake\ORM\Query->firstOrFail()
#1 C:\wamp\www\secobesp\src\Controller\ArticlesController.php(18): Cake\ORM\Table->get('css')
#2 [internal function]: App\Controller\ArticlesController->view('css', 'style.css')
#3 C:\wamp\www\secobesp\vendor\cakephp\cakephp\src\Controller\Controller.php(410): call_user_func_array(Array, Array)
#4 C:\wamp\www\secobesp\vendor\cakephp\cakephp\src\Routing\Dispatcher.php(114): Cake\Controller\Controller->invokeAction()
#5 C:\wamp\www\secobesp\vendor\cakephp\cakephp\src\Routing\Dispatcher.php(87): Cake\Routing\Dispatcher->_invoke(Object(App\Controller\ArticlesController))
#6 C:\wamp\www\secobesp\webroot\index.php(37): Cake\Routing\Dispatcher->dispatch(Object(Cake\Network\Request), Object(Cake\Network\Response))
#7 {main}


2015-06-11 16:53:18 Error: [Cake\Controller\Exception\MissingActionException] Action ArticlesController::css() could not be found, or is not accessible.
Exception Attributes: array (
  'controller' => 'ArticlesController',
  'action' => 'css',
  'prefix' => '',
  'plugin' => NULL,
)
Request URL: /secobesp/articles/css/style.css
Stack Trace:
#0 C:\wamp\www\secobesp\vendor\cakephp\cakephp\src\Routing\Dispatcher.php(114): Cake\Controller\Controller->invokeAction()
#1 C:\wamp\www\secobesp\vendor\cakephp\cakephp\src\Routing\Dispatcher.php(87): Cake\Routing\Dispatcher->_invoke(Object(App\Controller\ArticlesController))
#2 C:\wamp\www\secobesp\webroot\index.php(37): Cake\Routing\Dispatcher->dispatch(Object(Cake\Network\Request), Object(Cake\Network\Response))
#3 {main}


2015-06-11 16:54:19 Error: [Cake\Controller\Exception\MissingActionException] Action ArticlesController::css() could not be found, or is not accessible.
Exception Attributes: array (
  'controller' => 'ArticlesController',
  'action' => 'css',
  'prefix' => '',
  'plugin' => NULL,
)
Request URL: /secobesp/articles/css/style.css
Stack Trace:
#0 C:\wamp\www\secobesp\vendor\cakephp\cakephp\src\Routing\Dispatcher.php(114): Cake\Controller\Controller->invokeAction()
#1 C:\wamp\www\secobesp\vendor\cakephp\cakephp\src\Routing\Dispatcher.php(87): Cake\Routing\Dispatcher->_invoke(Object(App\Controller\ArticlesController))
#2 C:\wamp\www\secobesp\webroot\index.php(37): Cake\Routing\Dispatcher->dispatch(Object(Cake\Network\Request), Object(Cake\Network\Response))
#3 {main}


2015-06-11 17:21:57 Error: [Cake\Controller\Exception\MissingActionException] Action CategoriesController::css() could not be found, or is not accessible.
Exception Attributes: array (
  'controller' => 'CategoriesController',
  'action' => 'css',
  'prefix' => '',
  'plugin' => NULL,
)
Request URL: /secobesp/categories/css/style.css
Stack Trace:
#0 C:\wamp\www\secobesp\vendor\cakephp\cakephp\src\Routing\Dispatcher.php(114): Cake\Controller\Controller->invokeAction()
#1 C:\wamp\www\secobesp\vendor\cakephp\cakephp\src\Routing\Dispatcher.php(87): Cake\Routing\Dispatcher->_invoke(Object(App\Controller\CategoriesController))
#2 C:\wamp\www\secobesp\webroot\index.php(37): Cake\Routing\Dispatcher->dispatch(Object(Cake\Network\Request), Object(Cake\Network\Response))
#3 {main}


2015-06-11 17:22:27 Error: [Cake\Controller\Exception\MissingActionException] Action CategoriesController::css() could not be found, or is not accessible.
Exception Attributes: array (
  'controller' => 'CategoriesController',
  'action' => 'css',
  'prefix' => '',
  'plugin' => NULL,
)
Request URL: /secobesp/categories/css/style.css
Stack Trace:
#0 C:\wamp\www\secobesp\vendor\cakephp\cakephp\src\Routing\Dispatcher.php(114): Cake\Controller\Controller->invokeAction()
#1 C:\wamp\www\secobesp\vendor\cakephp\cakephp\src\Routing\Dispatcher.php(87): Cake\Routing\Dispatcher->_invoke(Object(App\Controller\CategoriesController))
#2 C:\wamp\www\secobesp\webroot\index.php(37): Cake\Routing\Dispatcher->dispatch(Object(Cake\Network\Request), Object(Cake\Network\Response))
#3 {main}


2015-06-11 17:28:04 Error: Fatal Error (4): syntax error, unexpected 'public' (T_PUBLIC) in [C:\wamp\www\secobesp\src\Controller\ArticlesController.php, line 41]
Trace:
Cake\Error\BaseErrorHandler::handleFatalError() - CORE\src\Error\BaseErrorHandler.php, line 191
Cake\Error\BaseErrorHandler::Cake\Error\{closure}() - CORE\src\Error\BaseErrorHandler.php, line 90
[main] - [internal], line ??



2015-06-11 17:28:05 Error: [Cake\Error\FatalErrorException] syntax error, unexpected 'public' (T_PUBLIC)
Request URL: /secobesp/articles
Stack Trace:
#0 C:\wamp\www\secobesp\vendor\cakephp\cakephp\src\Error\BaseErrorHandler.php(90): Cake\Error\BaseErrorHandler->handleFatalError(4, 'syntax error, u...', 'C:\\wamp\\www\\sec...', 41)
#1 [internal function]: Cake\Error\BaseErrorHandler->Cake\Error\{closure}()
#2 {main}


2015-06-11 17:28:10 Error: Fatal Error (4): syntax error, unexpected 'public' (T_PUBLIC) in [C:\wamp\www\secobesp\src\Controller\ArticlesController.php, line 41]
Trace:
Cake\Error\BaseErrorHandler::handleFatalError() - CORE\src\Error\BaseErrorHandler.php, line 191
Cake\Error\BaseErrorHandler::Cake\Error\{closure}() - CORE\src\Error\BaseErrorHandler.php, line 90
[main] - [internal], line ??



2015-06-11 17:28:11 Error: [Cake\Error\FatalErrorException] syntax error, unexpected 'public' (T_PUBLIC)
Request URL: /secobesp/articles/
Stack Trace:
#0 C:\wamp\www\secobesp\vendor\cakephp\cakephp\src\Error\BaseErrorHandler.php(90): Cake\Error\BaseErrorHandler->handleFatalError(4, 'syntax error, u...', 'C:\\wamp\\www\\sec...', 41)
#1 [internal function]: Cake\Error\BaseErrorHandler->Cake\Error\{closure}()
#2 {main}


2015-06-11 17:28:18 Error: Fatal Error (4): syntax error, unexpected 'public' (T_PUBLIC) in [C:\wamp\www\secobesp\src\Controller\ArticlesController.php, line 41]
Trace:
Cake\Error\BaseErrorHandler::handleFatalError() - CORE\src\Error\BaseErrorHandler.php, line 191
Cake\Error\BaseErrorHandler::Cake\Error\{closure}() - CORE\src\Error\BaseErrorHandler.php, line 90
[main] - [internal], line ??



2015-06-11 17:28:18 Error: [Cake\Error\FatalErrorException] syntax error, unexpected 'public' (T_PUBLIC)
Request URL: /secobesp/articles/index
Stack Trace:
#0 C:\wamp\www\secobesp\vendor\cakephp\cakephp\src\Error\BaseErrorHandler.php(90): Cake\Error\BaseErrorHandler->handleFatalError(4, 'syntax error, u...', 'C:\\wamp\\www\\sec...', 41)
#1 [internal function]: Cake\Error\BaseErrorHandler->Cake\Error\{closure}()
#2 {main}


2015-06-11 17:30:01 Error: [Cake\Datasource\Exception\RecordNotFoundException] Record not found in table "articles"
Request URL: /secobesp/articles/view/1
Stack Trace:
#0 C:\wamp\www\secobesp\vendor\cakephp\cakephp\src\ORM\Table.php(1127): Cake\ORM\Query->firstOrFail()
#1 C:\wamp\www\secobesp\src\Controller\ArticlesController.php(18): Cake\ORM\Table->get('1')
#2 [internal function]: App\Controller\ArticlesController->view('1')
#3 C:\wamp\www\secobesp\vendor\cakephp\cakephp\src\Controller\Controller.php(410): call_user_func_array(Array, Array)
#4 C:\wamp\www\secobesp\vendor\cakephp\cakephp\src\Routing\Dispatcher.php(114): Cake\Controller\Controller->invokeAction()
#5 C:\wamp\www\secobesp\vendor\cakephp\cakephp\src\Routing\Dispatcher.php(87): Cake\Routing\Dispatcher->_invoke(Object(App\Controller\ArticlesController))
#6 C:\wamp\www\secobesp\webroot\index.php(37): Cake\Routing\Dispatcher->dispatch(Object(Cake\Network\Request), Object(Cake\Network\Response))
#7 {main}


2015-06-11 17:30:09 Error: Fatal Error (4): syntax error, unexpected 'public' (T_PUBLIC) in [C:\wamp\www\secobesp\src\Controller\CategoriesController.php, line 58]
Trace:
Cake\Error\BaseErrorHandler::handleFatalError() - CORE\src\Error\BaseErrorHandler.php, line 191
Cake\Error\BaseErrorHandler::Cake\Error\{closure}() - CORE\src\Error\BaseErrorHandler.php, line 90
[main] - [internal], line ??



2015-06-11 17:30:10 Error: [Cake\Error\FatalErrorException] syntax error, unexpected 'public' (T_PUBLIC)
Request URL: /secobesp/categories/add
Stack Trace:
#0 C:\wamp\www\secobesp\vendor\cakephp\cakephp\src\Error\BaseErrorHandler.php(90): Cake\Error\BaseErrorHandler->handleFatalError(4, 'syntax error, u...', 'C:\\wamp\\www\\sec...', 58)
#1 [internal function]: Cake\Error\BaseErrorHandler->Cake\Error\{closure}()
#2 {main}


2015-06-11 17:49:28 Error: [Cake\Routing\Exception\MissingControllerException] Controller class Localhost could not be found.
Exception Attributes: array (
  'class' => 'Localhost',
  'plugin' => NULL,
  'prefix' => NULL,
  '_ext' => NULL,
)
Request URL: /secobesp/localhost/secobesp
Stack Trace:
#0 C:\wamp\www\secobesp\webroot\index.php(37): Cake\Routing\Dispatcher->dispatch(Object(Cake\Network\Request), Object(Cake\Network\Response))
#1 {main}


2015-06-11 17:49:46 Error: [Cake\Routing\Exception\MissingControllerException] Controller class Localhost could not be found.
Exception Attributes: array (
  'class' => 'Localhost',
  'plugin' => NULL,
  'prefix' => NULL,
  '_ext' => NULL,
)
Request URL: /secobesp/localhost/secobesp
Stack Trace:
#0 C:\wamp\www\secobesp\webroot\index.php(37): Cake\Routing\Dispatcher->dispatch(Object(Cake\Network\Request), Object(Cake\Network\Response))
#1 {main}


2015-06-11 17:51:06 Error: [Cake\Routing\Exception\MissingControllerException] Controller class Localhost could not be found.
Exception Attributes: array (
  'class' => 'Localhost',
  'plugin' => NULL,
  'prefix' => NULL,
  '_ext' => NULL,
)
Request URL: /secobesp/localhost/secobesp
Stack Trace:
#0 C:\wamp\www\secobesp\webroot\index.php(37): Cake\Routing\Dispatcher->dispatch(Object(Cake\Network\Request), Object(Cake\Network\Response))
#1 {main}


2015-06-11 17:59:00 Error: Fatal Error (4): syntax error, unexpected '/' in [C:\wamp\www\secobesp\src\Template\Layout\default.ctp, line 55]
Trace:
Cake\Error\BaseErrorHandler::handleFatalError() - CORE\src\Error\BaseErrorHandler.php, line 191
Cake\Error\BaseErrorHandler::Cake\Error\{closure}() - CORE\src\Error\BaseErrorHandler.php, line 90
[main] - [internal], line ??



2015-06-11 17:59:01 Error: [Cake\Error\FatalErrorException] syntax error, unexpected '/'
Request URL: /secobesp/articles
Stack Trace:
#0 C:\wamp\www\secobesp\vendor\cakephp\cakephp\src\Error\BaseErrorHandler.php(90): Cake\Error\BaseErrorHandler->handleFatalError(4, 'syntax error, u...', 'C:\\wamp\\www\\sec...', 55)
#1 [internal function]: Cake\Error\BaseErrorHandler->Cake\Error\{closure}()
#2 {main}


2015-06-11 18:01:01 Error: [Cake\Routing\Exception\MissingControllerException] Controller class Users could not be found.
Exception Attributes: array (
  'class' => 'Users',
  'plugin' => NULL,
  'prefix' => NULL,
  '_ext' => NULL,
)
Request URL: /secobesp/users/cadastro
Stack Trace:
#0 C:\wamp\www\secobesp\webroot\index.php(37): Cake\Routing\Dispatcher->dispatch(Object(Cake\Network\Request), Object(Cake\Network\Response))
#1 {main}


2015-06-11 18:24:06 Error: [Cake\Routing\Exception\MissingControllerException] Controller class Secobesp could not be found.
Exception Attributes: array (
  'class' => 'Secobesp',
  'plugin' => NULL,
  'prefix' => NULL,
  '_ext' => NULL,
)
Request URL: /secobesp/Secobesp/
Stack Trace:
#0 C:\wamp\www\secobesp\webroot\index.php(37): Cake\Routing\Dispatcher->dispatch(Object(Cake\Network\Request), Object(Cake\Network\Response))
#1 {main}


2015-06-12 13:25:44 Error: [Cake\Datasource\Exception\RecordNotFoundException] Record not found in table "articles"
Request URL: /secobesp/articles/edit/css/style.css
Stack Trace:
#0 C:\wamp\www\secobesp\vendor\cakephp\cakephp\src\ORM\Table.php(1127): Cake\ORM\Query->firstOrFail()
#1 C:\wamp\www\secobesp\src\Controller\ArticlesController.php(42): Cake\ORM\Table->get('css')
#2 [internal function]: App\Controller\ArticlesController->edit('css', 'style.css')
#3 C:\wamp\www\secobesp\vendor\cakephp\cakephp\src\Controller\Controller.php(410): call_user_func_array(Array, Array)
#4 C:\wamp\www\secobesp\vendor\cakephp\cakephp\src\Routing\Dispatcher.php(114): Cake\Controller\Controller->invokeAction()
#5 C:\wamp\www\secobesp\vendor\cakephp\cakephp\src\Routing\Dispatcher.php(87): Cake\Routing\Dispatcher->_invoke(Object(App\Controller\ArticlesController))
#6 C:\wamp\www\secobesp\webroot\index.php(37): Cake\Routing\Dispatcher->dispatch(Object(Cake\Network\Request), Object(Cake\Network\Response))
#7 {main}


2015-06-12 13:29:31 Error: [Cake\Datasource\Exception\RecordNotFoundException] Record not found in table "articles"
Request URL: /secobesp/articles/edit/css/style.css
Stack Trace:
#0 C:\wamp\www\secobesp\vendor\cakephp\cakephp\src\ORM\Table.php(1127): Cake\ORM\Query->firstOrFail()
#1 C:\wamp\www\secobesp\src\Controller\ArticlesController.php(42): Cake\ORM\Table->get('css')
#2 [internal function]: App\Controller\ArticlesController->edit('css', 'style.css')
#3 C:\wamp\www\secobesp\vendor\cakephp\cakephp\src\Controller\Controller.php(410): call_user_func_array(Array, Array)
#4 C:\wamp\www\secobesp\vendor\cakephp\cakephp\src\Routing\Dispatcher.php(114): Cake\Controller\Controller->invokeAction()
#5 C:\wamp\www\secobesp\vendor\cakephp\cakephp\src\Routing\Dispatcher.php(87): Cake\Routing\Dispatcher->_invoke(Object(App\Controller\ArticlesController))
#6 C:\wamp\www\secobesp\webroot\index.php(37): Cake\Routing\Dispatcher->dispatch(Object(Cake\Network\Request), Object(Cake\Network\Response))
#7 {main}


2015-06-12 13:42:01 Error: [Cake\Datasource\Exception\RecordNotFoundException] Record not found in table "articles"
Request URL: /secobesp/articles/edit/css/style.css
Stack Trace:
#0 C:\wamp\www\secobesp\vendor\cakephp\cakephp\src\ORM\Table.php(1127): Cake\ORM\Query->firstOrFail()
#1 C:\wamp\www\secobesp\src\Controller\ArticlesController.php(42): Cake\ORM\Table->get('css')
#2 [internal function]: App\Controller\ArticlesController->edit('css', 'style.css')
#3 C:\wamp\www\secobesp\vendor\cakephp\cakephp\src\Controller\Controller.php(410): call_user_func_array(Array, Array)
#4 C:\wamp\www\secobesp\vendor\cakephp\cakephp\src\Routing\Dispatcher.php(114): Cake\Controller\Controller->invokeAction()
#5 C:\wamp\www\secobesp\vendor\cakephp\cakephp\src\Routing\Dispatcher.php(87): Cake\Routing\Dispatcher->_invoke(Object(App\Controller\ArticlesController))
#6 C:\wamp\www\secobesp\webroot\index.php(37): Cake\Routing\Dispatcher->dispatch(Object(Cake\Network\Request), Object(Cake\Network\Response))
#7 {main}


